<?xml version="1.0" encoding="UTF-8"?>
<testng-results ignored="2" total="3" passed="1" failed="0" skipped="0">
  <reporter-output>
  </reporter-output>
  <suite started-at="2023-11-28T08:35:22 IST" name="Default suite" finished-at="2023-11-28T08:35:26 IST" duration-ms="3861">
    <groups>
    </groups>
    <test started-at="2023-11-28T08:35:22 IST" name="Default test" finished-at="2023-11-28T08:35:26 IST" duration-ms="3861">
      <class name="tests.Demo">
        <test-method is-config="true" signature="setup()[pri:0, instance:tests.Demo@47e2e487]" started-at="2023-11-28T08:35:22 IST" name="setup" finished-at="2023-11-28T08:35:23 IST" duration-ms="456" status="PASS">
          <reporter-output>
          </reporter-output>
        </test-method> <!-- setup -->
        <test-method signature="createUser()[pri:0, instance:tests.Demo@47e2e487]" started-at="2023-11-28T08:35:23 IST" name="createUser" finished-at="2023-11-28T08:35:26 IST" duration-ms="3377" status="PASS">
          <reporter-output>
          </reporter-output>
        </test-method> <!-- createUser -->
      </class> <!-- tests.Demo -->
    </test> <!-- Default test -->
  </suite> <!-- Default suite -->
</testng-results>
